0000000000000000 0000000000000401 b __fixedpath
0000000000000000 A __start__
0000000000000000 T _start
0000000000000000 b _TLS_MODULE_BASE_
0000000000000080 t startup
00000000000000a4 t bssclr_start
00000000000000cc t bss_loop
0000000000000120 T __nx_exit
0000000000000130 T __nx_mod0
0000000000000150 T _init
00000000000001c0 0000000000000038 T exit
0000000000000200 00000000000009cc T main
0000000000000408 0000000000002000 b tmp_buffer.6986
0000000000000bd0 000000000000004c t _GLOBAL__sub_I_eh_alloc.cc
0000000000000c20 t deregister_tm_clones
0000000000000c50 t register_tm_clones
0000000000000c88 t __do_global_dtors_aux
0000000000000cd0 t frame_dummy
0000000000000d10 000000000000000c T Object::Object(unsigned int, unsigned int, unsigned int)
0000000000000d10 000000000000000c T Object::Object(unsigned int, unsigned int, unsigned int)
0000000000000d20 00000000000003a8 T Map::modifyPlayer(bool, Player)
00000000000010d0 00000000000001e4 T Map::getPlayer(bool) const
00000000000012c0 0000000000000140 T Map::printMapFull(Player)
0000000000001400 00000000000008cc T Map::processMovement(Player&, Dir)
0000000000001cd0 00000000000006a8 T Map::playerHit(bool, Bullet)
0000000000002380 0000000000000270 T Map::processBullet(unsigned int, Bullet)
0000000000002408 0000000000002000 b tmp_buffer.7010
00000000000025f0 000000000000039c T Map::printMapOptimized(Player, bool)
0000000000002990 0000000000000174 W void std::vector<Door, std::allocator<Door> >::_M_realloc_insert<Door const&>(__gnu_cxx::__normal_iterator<Door*, std::vector<Door, std::allocator<Door> > >, Door const&)
0000000000002b10 000000000000018c W void std::vector<Object, std::allocator<Object> >::_M_realloc_insert<Object const&>(__gnu_cxx::__normal_iterator<Object*, std::vector<Object, std::allocator<Object> > >, Object const&)
0000000000002ca0 0000000000000380 W void std::vector<Player, std::allocator<Player> >::_M_realloc_insert<Player const&>(__gnu_cxx::__normal_iterator<Player*, std::vector<Player, std::allocator<Player> > >, Player const&)
0000000000003020 000000000000018c W void std::vector<Bullet, std::allocator<Bullet> >::_M_realloc_insert<Bullet const&>(__gnu_cxx::__normal_iterator<Bullet*, std::vector<Bullet, std::allocator<Bullet> > >, Bullet const&)
00000000000031b0 00000000000006b4 T Map::processGame(Player&, bool, int&, unsigned int&, unsigned long)
0000000000003870 0000000000000630 T Map::Map()
0000000000003870 0000000000000630 T Map::Map()
0000000000003ea0 0000000000000234 T printMenu(bool, bool, Map)
00000000000040e0 000000000000009c W Map::~Map()
00000000000040e0 000000000000009c W Map::~Map()
0000000000004180 00000000000003a8 W Map::Map(Map const&)
0000000000004180 00000000000003a8 W Map::Map(Map const&)
0000000000004530 000000000000011c W Player::operator=(Player&&)
0000000000004650 00000000000000f0 W Player::Player(Player const&)
0000000000004650 00000000000000f0 W Player::Player(Player const&)
0000000000004740 000000000000066c W std::vector<Player, std::allocator<Player> >::operator=(std::vector<Player, std::allocator<Player> > const&)
0000000000004db0 0000000000000168 W std::vector<Door, std::allocator<Door> >::operator=(std::vector<Door, std::allocator<Door> > const&)
0000000000004f20 00000000000001a8 W std::vector<Bullet, std::allocator<Bullet> >::operator=(std::vector<Bullet, std::allocator<Bullet> > const&)
00000000000050d0 00000000000001a8 W std::vector<Object, std::allocator<Object> >::operator=(std::vector<Object, std::allocator<Object> > const&)
0000000000005280 000000000000052c T gameFinished(bool, bool&, bool&, bool&, bool&, bool&, bool, Map&)
00000000000057b0 0000000000000140 T Player::Player(char*, int, int, unsigned int)
00000000000057b0 0000000000000140 T Player::Player(char*, int, int, unsigned int)
00000000000058f0 0000000000000008 T Player::setName(char*)
0000000000005900 0000000000000008 T Player::setLetter(char)
0000000000005910 0000000000000008 T Player::setHealt(int)
0000000000005920 0000000000000008 T Player::setX(unsigned int)
0000000000005930 0000000000000008 T Player::setY(unsigned int)
0000000000005940 0000000000000008 T Player::setMoves(unsigned int)
0000000000005950 0000000000000008 T Player::setLastMove(Dir)
0000000000005960 0000000000000008 T Player::setStatsChanged(bool)
0000000000005970 0000000000000008 T Player::setInventoryChanged(bool)
0000000000005980 00000000000000f4 T Player::addObject(unsigned int)
0000000000005a80 0000000000000014 T Player::printInfo() const
0000000000005aa0 0000000000000040 T Player::printStats() const
0000000000005ae0 0000000000000168 T Player::printInventory(unsigned int) const
0000000000005c50 0000000000000014 T Bullet::Bullet(unsigned int, unsigned int, Dir, unsigned int)
0000000000005c50 0000000000000014 T Bullet::Bullet(unsigned int, unsigned int, Dir, unsigned int)
0000000000005c70 0000000000000008 T Bullet::setX(unsigned int)
0000000000005c80 0000000000000008 T Bullet::setY(unsigned int)
0000000000005c90 0000000000000014 T Door::Door(unsigned int, unsigned int)
0000000000005c90 0000000000000014 T Door::Door(unsigned int, unsigned int)
0000000000005cb0 0000000000000018 T Door::setOpen(bool)
0000000000005cd0 0000000000000014 T Door::setTime()
0000000000005cf0 000000000000009c T Keyboard::Keyboard(char*)
0000000000005cf0 000000000000009c T Keyboard::Keyboard(char*)
0000000000005d90 0000000000000088 T Keyboard::setKeyboard(char*)
0000000000005e20 0000000000000008 T Keyboard::setCaps(bool)
0000000000005e30 0000000000000008 T Keyboard::setIndex(int)
0000000000005e40 00000000000001e4 T Keyboard::processKeyboard(bool)
0000000000006030 00000000000000b8 T Keyboard::printKeyboard(bool)
00000000000060f0 0000000000000094 T Keyboard::printCurName(bool, char*, int)
0000000000006190 0000000000000034 t ipcCloseObjectById
00000000000061d0 00000000000000c4 t _appletCmdNoIO
00000000000062a0 0000000000000124 t _appletGetHandle
00000000000063d0 00000000000000e0 t _appletGetPerformanceMode.constprop.18
00000000000064b0 00000000000000e0 t _appletGetOperationMode.constprop.17
0000000000006590 00000000000000e0 t _appletGetCurrentFocusState.constprop.19
0000000000006670 00000000000000ec t _appletReceiveMessage
0000000000006760 00000000000000cc t _appletAcquireForegroundRights
0000000000006830 00000000000000d0 t _appletSetOutOfFocusSuspendingEnabled
0000000000006900 00000000000000d4 t _appletSetOperationModeChangedNotification.constprop.20
00000000000069e0 00000000000000d4 t _appletSetPerformanceModeChangedNotification.constprop.21
0000000000006ac0 00000000000000d8 t _appletSetFocusHandlingMode
0000000000006ba0 00000000000000e0 t _appletGetAppletResourceUserId.constprop.15
0000000000006c80 000000000000013c t _appletGetSessionProxy.constprop.14
0000000000006dc0 0000000000000010 T appletGetAppletType
0000000000006dd0 0000000000000028 T appletHook
0000000000006e00 0000000000000034 T appletUnhook
0000000000006e40 00000000000000ec T appletSetFocusHandlingMode
0000000000006f30 0000000000000028 T appletGetAppletResourceUserId
0000000000006f60 0000000000000120 T appletNotifyRunning
0000000000007080 0000000000000124 T appletSetGamePlayRecordingState
00000000000071b0 0000000000000694 T appletExit
0000000000007850 0000000000000560 T appletInitialize
0000000000007db0 0000000000000010 t _appletExitProcess
0000000000007dc0 00000000000000ec T appletCreateManagedDisplayLayer
0000000000007eb0 000000000000000c T appletGetOperationMode
0000000000007ec0 000000000000017c T appletMainLoop
0000000000008040 0000000000000034 t ipcCloseObjectById
0000000000008080 0000000000000124 t _hidGetSharedMemoryHandle.constprop.10
00000000000081b0 0000000000000134 t _hidCreateAppletResource.constprop.9
00000000000082f0 0000000000000100 t _hidCmdWithNoInput
00000000000083f0 000000000000010c t _hidCmdWithInputU32
0000000000008500 0000000000000108 t _hidCmdWithInputU64.constprop.11
0000000000008610 00000000000001d0 T hidReset
00000000000087e0 000000000000000c T hidGetSharedmemAddr
00000000000087f0 000000000000006c T hidKeysDown
0000000000008860 000000000000000c T hidTouchCount
0000000000008870 0000000000000560 T hidScanInput
0000000000008dd0 0000000000000198 T hidSetSupportedNpadIdType
0000000000008f70 000000000000000c T hidSetSupportedNpadStyleSet
0000000000008f80 0000000000000008 T hidSetNpadJoyHoldType
0000000000008f90 000000000000000c T hidSetNpadJoyAssignmentModeDual
0000000000008fa0 0000000000000134 T hidExit
00000000000090e0 0000000000000168 T hidInitialize
0000000000009250 0000000000000034 t ipcCloseObjectById
0000000000009290 0000000000000124 t _apmGetSession.constprop.4
00000000000093c0 00000000000000f0 T apmExit
00000000000094b0 000000000000008c T apmInitialize
0000000000009540 00000000000000cc T apmSetPerformanceConfiguration
0000000000009610 0000000000000044 T smAddOverrideHandle
0000000000009660 0000000000000060 T smGetServiceOverride
00000000000096c0 0000000000000014 T smHasInitialized
00000000000096e0 000000000000005c T smExit
0000000000009740 0000000000000038 T smEncodeName
0000000000009780 000000000000012c T smGetServiceOriginal
00000000000098b0 0000000000000158 T smInitialize
0000000000009a10 0000000000000074 T smGetService
0000000000009a90 0000000000000140 t _fatalImpl
0000000000009bd0 0000000000000014 T fatalWithType
0000000000009bf0 0000000000000014 T fatalSimple
0000000000009c10 000000000000004c t _gfxCancelBuffer
0000000000009c60 0000000000000170 t _gfxDequeueBuffer.part.0
0000000000009dd0 00000000000004b4 T gfxInitDefault
000000000000a290 00000000000000e8 T gfxConfigureCrop
000000000000a380 0000000000000014 T gfxConfigureResolution
000000000000a3a0 0000000000000060 t _gfxAutoResolutionAppletHook
000000000000a400 000000000000011c T gfxConfigureAutoResolution
000000000000a520 0000000000000174 T gfxExit
000000000000a6a0 000000000000003c T _gfxGraphicBufferInit
000000000000a6e0 000000000000002c T gfxWaitForVsync
000000000000a710 000000000000006c T gfxSwapBuffers
000000000000a780 0000000000000068 T gfxGetFramebuffer
000000000000a7f0 000000000000002c T gfxGetFramebufferResolution
000000000000a820 000000000000000c T gfxSetMode
000000000000a830 000000000000012c T gfxFlushBuffers
000000000000a960 0000000000000038 t nvmapobjClose.part.0.constprop.3
000000000000a9a0 00000000000001e8 T nvgfxInitialize
000000000000ab90 0000000000000058 T nvgfxExit
000000000000abf0 000000000000004c T nvgfxGetFramebuffer
000000000000ac40 0000000000000208 T envSetup
000000000000ae50 0000000000000020 T envGetMainThreadHandle
000000000000ae70 000000000000000c T envIsNso
000000000000ae80 0000000000000014 T envHasHeapOverride
000000000000aea0 000000000000000c T envGetHeapOverrideAddr
000000000000aeb0 000000000000000c T envGetHeapOverrideSize
000000000000aec0 0000000000000014 T envHasArgv
000000000000aee0 000000000000000c T envGetArgv
000000000000aef0 000000000000000c T envGetExitFuncPtr
000000000000af00 000000000000000c T envSetExitFuncPtr
000000000000af10 0000000000000044 t consoleDrawChar
000000000000af60 0000000000000140 t consoleClearLine
000000000000b0a0 000000000000004c t consoleNewRow
000000000000b0f0 0000000000000118 t consolePrintChar
000000000000b210 000000000000015c t consoleCls
000000000000b370 00000000000007e0 t con_write
000000000000bb50 0000000000000114 T consoleInit
000000000000bc70 000000000000000c T consoleClear
000000000000bc80 0000000000000014 t ConsoleSwRenderer_flushAndSwap
000000000000bca0 0000000000000004 t ConsoleSwRenderer_deinit
000000000000bcb0 00000000000000ac t ConsoleSwRenderer_init
000000000000bd60 0000000000000224 t ConsoleSwRenderer_drawChar
000000000000bf90 0000000000000158 t ConsoleSwRenderer_scrollWindow
000000000000c0f0 000000000000000c W getDefaultConsoleRenderer
000000000000c0fc T armDCacheFlush
000000000000c120 t armDCacheFlush_L0
000000000000c138 T svcSetHeapSize
000000000000c14c T svcUnmapMemory
000000000000c154 T svcQueryMemory
000000000000c168 T svcExitProcess
000000000000c170 T svcSleepThread
000000000000c178 T svcMapSharedMemory
000000000000c180 T svcUnmapSharedMemory
000000000000c188 T svcCreateTransferMemory
000000000000c19c T svcCloseHandle
000000000000c1a4 T svcResetSignal
000000000000c1ac T svcWaitSynchronization
000000000000c1c0 T svcArbitrateLock
000000000000c1c8 T svcArbitrateUnlock
000000000000c1d0 T svcConnectToNamedPort
000000000000c1e4 T svcSendSyncRequest
000000000000c1ec T svcBreak
000000000000c1f4 T svcReturnFromException
000000000000c1fc T svcGetInfo
000000000000c210 T svcUnmapTransferMemory
000000000000c220 0000000000000180 t _CacheValues
000000000000c3a0 000000000000001c T kernelAbove200
000000000000c3c0 000000000000001c T kernelAbove300
000000000000c3e0 0000000000000030 T detectDebugger
000000000000c410 0000000000000014 T shmemLoadRemote
000000000000c430 0000000000000084 T shmemMap
000000000000c4c0 0000000000000058 T shmemUnmap
000000000000c520 0000000000000044 T shmemClose
000000000000c570 000000000000004c T rwlockReadLock
000000000000c5c0 000000000000004c T rwlockReadUnlock
000000000000c610 0000000000000008 T rwlockWriteLock
000000000000c620 0000000000000008 T rwlockWriteUnlock
000000000000c630 00000000000000a8 T tmemCreate
000000000000c6e0 0000000000000058 T tmemUnmap
000000000000c740 0000000000000068 T tmemClose
000000000000c7b0 000000000000008c T mutexLock
000000000000c840 0000000000000030 T mutexUnlock
000000000000c870 000000000000004c T rmutexLock
000000000000c8c0 000000000000001c T rmutexUnlock
000000000000c8e0 000000000000007c t _GetRegionFromInfo.isra.1
000000000000c960 0000000000000114 T virtmemSetup
000000000000ca80 000000000000013c T virtmemReserve
000000000000cbc0 0000000000000004 T virtmemFree
000000000000cbd0 000000000000000c T eventLoadRemote
000000000000cbe0 000000000000011c T eventWait
000000000000cd00 0000000000000050 T eventClose
000000000000cd50 0000000000000034 t ipcCloseObjectById
000000000000cd90 00000000000000c8 t ipcQueryPointerBufferSize.constprop.10
000000000000ce60 000000000000010c t ipcCloneSession.constprop.9
000000000000cf70 00000000000000d8 t _nvSetClientPID
000000000000d050 00000000000000f0 t _nvInitialize.constprop.8
000000000000d140 0000000000000108 T nvExit
000000000000d250 0000000000000178 T nvInitialize
000000000000d3d0 000000000000012c T nvConvertError
000000000000d500 000000000000012c T nvOpen
000000000000d630 0000000000000270 T nvIoctl
000000000000d8a0 00000000000000dc T nvClose
000000000000d980 000000000000015c T nvQueryEvent
000000000000dae0 0000000000000034 t ipcCloseObjectById
000000000000db20 0000000000000134 t _viGetSession.constprop.7
000000000000dc60 00000000000001e4 T viExit
000000000000de50 0000000000000304 T viInitialize
000000000000e160 000000000000000c T viGetSession_IHOSBinderDriverRelay
000000000000e170 0000000000000140 T viOpenDisplay
000000000000e2b0 0000000000000104 T viCloseDisplay
000000000000e3c0 000000000000013c T viGetDisplayVsyncEvent
000000000000e500 0000000000000104 T viCloseLayer
000000000000e610 0000000000000320 T viCreateLayer
000000000000e930 00000000000000e8 T viSetLayerScalingMode
000000000000ea20 0000000000000060 t _nvFenceEventWaitCommon
000000000000ea80 000000000000005c T nvFenceInit
000000000000eae0 0000000000000098 T nvFenceExit
000000000000eb80 00000000000001e0 T nvFenceWait
000000000000ed60 000000000000007c T nvMultiFenceWait
000000000000ede0 0000000000000024 T nvioctlNvhostCtrl_EventSignal
000000000000ee10 000000000000003c T nvioctlNvhostCtrl_EventWait
000000000000ee50 0000000000000028 T nvioctlNvhostCtrl_EventWaitAsync
000000000000ee80 0000000000000024 T nvioctlNvhostCtrl_EventRegister
000000000000eeb0 0000000000000024 T nvioctlNvhostCtrl_EventUnregister
000000000000eee0 000000000000003c T nvioctlNvmap_Create
000000000000ef20 0000000000000030 T nvioctlNvmap_Alloc
000000000000ef50 000000000000003c T nvioctlNvmap_GetId
000000000000ef90 00000000000000f0 T bqRequestBuffer
000000000000f080 0000000000000154 T bqDequeueBuffer
000000000000f1e0 000000000000009c T bqDetachBuffer
000000000000f280 00000000000000e0 T bqQueueBuffer
000000000000f360 0000000000000090 T bqCancelBuffer
000000000000f3f0 00000000000000e4 T bqConnect
000000000000f4e0 000000000000009c T bqDisconnect
000000000000f580 00000000000000b4 T bqSetPreallocatedBuffer
000000000000f640 0000000000000248 t _binderTransactParcelAuto
000000000000f890 00000000000000c8 t ipcQueryPointerBufferSize
000000000000f960 0000000000000138 t _binderTransactParcel
000000000000faa0 0000000000000014 T binderCreate
000000000000fac0 0000000000000010 T binderTransactParcel
000000000000fad0 0000000000000124 T binderConvertErrorCode
000000000000fc00 00000000000000e8 T binderAdjustRefcount
000000000000fcf0 0000000000000074 T binderClose
000000000000fd70 00000000000000c4 T binderInitSession
000000000000fe40 0000000000000144 T binderGetNativeHandle
000000000000ff90 0000000000000028 T parcelCreate
000000000000ffc0 000000000000019c T parcelTransact
0000000000010160 0000000000000088 T parcelWriteData
00000000000101f0 0000000000000098 T parcelReadData
0000000000010290 0000000000000020 T parcelWriteInt32
00000000000102b0 0000000000000020 T parcelWriteUInt32
00000000000102d0 0000000000000080 T parcelWriteString16
0000000000010350 0000000000000030 T parcelWriteInterfaceToken
0000000000010380 0000000000000024 T parcelReadInt32
00000000000103b0 0000000000000068 T parcelReadFlattenedObject
0000000000010420 0000000000000044 T parcelWriteFlattenedObject
0000000000010470 00000000000000a0 T __nx_dynamic
0000000000010510 00000000000000d8 W __libnx_initheap
00000000000105f0 0000000000000090 W __appInit
0000000000010680 0000000000000034 W __appExit
00000000000106c0 0000000000000028 W __libnx_init
00000000000106f0 0000000000000020 W __libnx_exit
0000000000010710 0000000000000008 t mutexInit
0000000000010720 000000000000000c t rmutexInit
0000000000010730 000000000000008c T __libnx_gtod
00000000000107c0 0000000000000020 T __libnx_clock_settime
00000000000107e0 0000000000000028 T __libnx_nanosleep
0000000000010810 0000000000000034 t __libnx_get_reent
0000000000010850 00000000000000f8 T __libnx_clock_gettime
0000000000010950 0000000000000058 T __libnx_clock_getres
00000000000109b0 000000000000027c T __libnx_init_time
0000000000010c30 0000000000000118 T newlibSetup
0000000000010d50 0000000000000368 T argvSetup
00000000000110c0 0000000000000010 t fsdev_link
00000000000110d0 0000000000000010 t fsdev_dirreset
00000000000110e0 0000000000000010 t fsdev_chmod
00000000000110f0 000000000000001c t error_cmp
0000000000011110 0000000000000058 t fsdev_translate_error
0000000000011170 0000000000000040 t fsdev_fsync
00000000000111b0 0000000000000060 t fsdev_ftruncate
0000000000011210 0000000000000020 t fsdev_dirclose
0000000000011230 000000000000016c t fsdev_dirnext
00000000000113a0 000000000000001c t fsdev_close
00000000000113c0 00000000000000a4 t fsdev_fstat
0000000000011470 00000000000000b0 t fsdev_seek
0000000000011520 0000000000000198 t fsdev_read
00000000000116c0 00000000000001a0 t fsdev_write
0000000000011860 0000000000000120 t fsdevFindDevice
0000000000011980 0000000000000168 t _fsdevMountDevice
0000000000011af0 00000000000001fc t fsdev_getfspath
0000000000011cf0 0000000000000070 t fsdev_rmdir
0000000000011d60 00000000000000d4 t fsdev_statvfs
0000000000011e40 00000000000000ec t fsdev_diropen
0000000000011f30 0000000000000070 t fsdev_mkdir
0000000000011fa0 0000000000000114 t fsdev_rename
00000000000120c0 00000000000000e8 t fsdev_chdir
00000000000121b0 0000000000000070 t fsdev_unlink
0000000000012220 00000000000001bc t fsdev_stat
00000000000123e0 000000000000019c t fsdev_open
0000000000012580 00000000000000b8 t _fsdevUnmountDeviceStruct.part.4
0000000000012640 0000000000000010 t fsdev_fchmod
0000000000012650 0000000000000158 T fsdevMountSdmc
00000000000127b0 0000000000000064 T fsdevUnmountAll
0000000000012820 000000000000012c T decode_utf8
000000000001294c W __libnx_exception_entry
00000000000129d8 t __libnx_exception_entry_start
0000000000012b00 t __libnx_exception_entry_abort
0000000000012b04 t __libnx_exception_entry_end
0000000000012b0c T __libnx_exception_returnentry
0000000000012b24 T __aarch64_read_tp
0000000000012b30 0000000000000034 t ipcCloseObjectById
0000000000012b70 000000000000012c t _timeGetSession
0000000000012ca0 00000000000001ec T timeExit
0000000000012e90 00000000000000d8 T timeInitialize
0000000000012f70 0000000000000124 T timeGetCurrentTime
00000000000130a0 0000000000000118 T timeToCalendarTimeWithMyRule
00000000000131c0 0000000000000220 t ipcPrepareHeader
00000000000133e0 000000000000022c t ipcParse
0000000000013610 00000000000000b8 t serviceIpcParse
00000000000136d0 0000000000000034 t ipcCloseObjectById
0000000000013710 0000000000000200 T fsInitialize
0000000000013910 000000000000009c T fsExit
00000000000139b0 0000000000000134 T fsMountSdcard
0000000000013af0 0000000000000120 T fsFsCreateFile
0000000000013c10 0000000000000118 T fsFsDeleteFile
0000000000013d30 0000000000000118 T fsFsCreateDirectory
0000000000013e50 0000000000000118 T fsFsDeleteDirectory
0000000000013f70 0000000000000190 T fsFsRenameFile
0000000000014100 0000000000000190 T fsFsRenameDirectory
0000000000014290 000000000000012c T fsFsGetEntryType
00000000000143c0 0000000000000150 T fsFsOpenFile
0000000000014510 0000000000000150 T fsFsOpenDirectory
0000000000014660 000000000000012c T fsFsGetFreeSpace
0000000000014790 000000000000012c T fsFsGetTotalSpace
00000000000148c0 0000000000000190 T fsFsGetFileTimeStampRaw
0000000000014a50 000000000000006c T fsFsClose
0000000000014ac0 0000000000000138 T fsFileRead
0000000000014c00 000000000000010c T fsFileWrite
0000000000014d10 00000000000000e8 T fsFileFlush
0000000000014e00 00000000000000f0 T fsFileSetSize
0000000000014ef0 0000000000000100 T fsFileGetSize
0000000000014ff0 000000000000006c T fsFileClose
0000000000015060 000000000000006c T fsDirClose
00000000000150d0 000000000000013c T fsDirRead
0000000000015210 00000000000000c4 T nxlinkSetup
00000000000152d8 0000000000000068 T operator new(unsigned long)
0000000000015340 000000000000000c T std::bad_alloc::what() const
0000000000015350 0000000000000014 T std::bad_alloc::~bad_alloc()
0000000000015350 0000000000000014 T std::bad_alloc::~bad_alloc()
0000000000015368 0000000000000028 T std::bad_alloc::~bad_alloc()
0000000000015390 0000000000000010 T std::get_new_handler()
00000000000153a0 0000000000000004 T std::exception::~exception()
00000000000153a0 0000000000000004 T std::exception::~exception()
00000000000153a8 0000000000000014 T std::bad_exception::~bad_exception()
00000000000153a8 0000000000000014 T std::bad_exception::~bad_exception()
00000000000153c0 000000000000000c T std::bad_exception::what() const
00000000000153d0 0000000000000028 T std::bad_exception::~bad_exception()
00000000000153f8 0000000000000004 T operator delete(void*, unsigned long)
0000000000015400 0000000000000064 t __gxx_exception_cleanup(_Unwind_Reason_Code, _Unwind_Exception*)
0000000000015468 0000000000000058 T __cxa_init_primary_exception
00000000000154c0 0000000000000054 T __cxa_throw
0000000000015518 0000000000000070 T __cxa_rethrow
0000000000015588 00000000000000a0 T __cxa_begin_catch
0000000000015628 0000000000000094 T __cxa_end_catch
00000000000156c0 00000000000000e8 t (anonymous namespace)::pool::free(void*) [clone .constprop.4]
00000000000157a8 00000000000000a8 t (anonymous namespace)::pool::allocate(unsigned long) [clone .constprop.5]
0000000000015850 0000000000000064 T __cxa_allocate_exception
00000000000158b8 0000000000000030 T __cxa_free_exception
00000000000158e8 0000000000000004 T operator delete(void*)
00000000000158f0 0000000000000014 T __cxxabiv1::__si_class_type_info::~__si_class_type_info()
00000000000158f0 0000000000000014 T __cxxabiv1::__si_class_type_info::~__si_class_type_info()
0000000000015908 0000000000000028 T __cxxabiv1::__si_class_type_info::~__si_class_type_info()
0000000000015930 0000000000000080 T __cxxabiv1::__si_class_type_info::__do_find_public_src(long, void const*, __cxxabiv1::__class_type_info const*, void const*) const
00000000000159b0 000000000000013c T __cxxabiv1::__si_class_type_info::__do_dyncast(long, __cxxabiv1::__class_type_info::__sub_kind, __cxxabiv1::__class_type_info const*, void const*, __cxxabiv1::__class_type_info const*, void const*, __cxxabiv1::__class_type_info::__dyncast_result&) const
0000000000015af0 0000000000000068 T __cxxabiv1::__si_class_type_info::__do_upcast(__cxxabiv1::__class_type_info const*, void const*, __cxxabiv1::__class_type_info::__upcast_result&) const
0000000000015b58 0000000000000034 T std::__throw_bad_alloc()
0000000000015b90 000000000000000c T __cxa_get_globals_fast
0000000000015ba0 000000000000000c T __cxa_get_globals
0000000000015bb0 000000000000003c T __cxxabiv1::__terminate(void (*)())
0000000000015bf0 0000000000000010 T std::get_terminate()
0000000000015c00 0000000000000010 T std::terminate()
0000000000015c10 0000000000000010 T __cxxabiv1::__unexpected(void (*)())
0000000000015c20 0000000000000010 T std::get_unexpected()
0000000000015c30 0000000000000010 T std::unexpected()
0000000000015c40 0000000000000004 T std::type_info::~type_info()
0000000000015c40 0000000000000004 T std::type_info::~type_info()
0000000000015c48 0000000000000008 T std::type_info::__is_pointer_p() const
0000000000015c48 0000000000000008 T std::type_info::__is_function_p() const
0000000000015c50 0000000000000084 t get_adjusted_ptr(std::type_info const*, std::type_info const*, void**)
0000000000015cd8 000000000000015c t read_encoded_value_with_base(unsigned char, unsigned long, unsigned char const*, unsigned long*)
0000000000015e38 00000000000000c0 t get_ttype_entry(lsda_header_info*, unsigned long)
0000000000015ef8 0000000000000094 t check_exception_spec(lsda_header_info*, std::type_info const*, void*, long)
0000000000015f90 000000000000006c t base_of_encoded_value(unsigned char, _Unwind_Context*)
0000000000016000 0000000000000108 t parse_lsda_header(_Unwind_Context*, unsigned char const*, lsda_header_info*)
0000000000016108 00000000000004dc T __gxx_personality_v0
00000000000165e8 00000000000000f0 T __cxa_call_unexpected
00000000000166d8 000000000000006c T __cxxabiv1::__class_type_info::__do_upcast(__cxxabiv1::__class_type_info const*, void**) const
0000000000016748 0000000000000010 T __cxxabiv1::__class_type_info::__do_find_public_src(long, void const*, __cxxabiv1::__class_type_info const*, void const*) const
0000000000016758 0000000000000014 T __cxxabiv1::__class_type_info::~__class_type_info()
0000000000016758 0000000000000014 T __cxxabiv1::__class_type_info::~__class_type_info()
0000000000016770 0000000000000028 T __cxxabiv1::__class_type_info::~__class_type_info()
0000000000016798 00000000000000d4 T __cxxabiv1::__class_type_info::__do_dyncast(long, __cxxabiv1::__class_type_info::__sub_kind, __cxxabiv1::__class_type_info const*, void const*, __cxxabiv1::__class_type_info const*, void const*, __cxxabiv1::__class_type_info::__dyncast_result&) const
0000000000016870 0000000000000068 T __cxxabiv1::__class_type_info::__do_upcast(__cxxabiv1::__class_type_info const*, void const*, __cxxabiv1::__class_type_info::__upcast_result&) const
00000000000168d8 00000000000000a8 T __cxxabiv1::__class_type_info::__do_catch(std::type_info const*, void**, unsigned int) const
0000000000016980 0000000000000044 T __cxa_call_terminate
00000000000169c8 000000000000015c t read_encoded_value_with_base
0000000000016b28 0000000000000070 t base_of_encoded_value
0000000000016b98 000000000000080c t execute_cfa_program
00000000000173a8 000000000000040c t uw_frame_state_for
00000000000177b8 0000000000000720 t execute_stack_op
0000000000017ed8 000000000000037c t uw_update_context_1
0000000000018258 000000000000022c t uw_init_context_1
0000000000018488 00000000000000b4 t uw_update_context
0000000000018540 00000000000000e0 t _Unwind_RaiseException_Phase2
0000000000018620 0000000000000118 t _Unwind_ForcedUnwind_Phase2
0000000000018738 0000000000000164 t uw_install_context_1
00000000000188a0 0000000000000054 t _Unwind_SetGR
00000000000188f8 0000000000000014 t _Unwind_GetIPInfo
0000000000018910 0000000000000008 t _Unwind_SetIP
0000000000018918 0000000000000008 t _Unwind_GetLanguageSpecificData
0000000000018920 0000000000000008 t _Unwind_GetRegionStart
0000000000018928 0000000000000008 t _Unwind_GetDataRelBase
0000000000018930 0000000000000008 t _Unwind_GetTextRelBase
0000000000018938 0000000000000004 t _Unwind_DebugHook
0000000000018940 000000000000018c t _Unwind_RaiseException
0000000000018ad0 0000000000000114 t _Unwind_Resume
0000000000018be8 0000000000000110 t _Unwind_Resume_or_Rethrow
0000000000018cf8 0000000000000018 t _Unwind_DeleteException
0000000000018d10 000000000000001c t fde_unencoded_compare
0000000000018d30 00000000000000f4 t frame_downheap
0000000000018e28 00000000000000c0 t frame_heapsort
0000000000018ee8 0000000000000060 t size_of_encoded_value
0000000000018f48 000000000000015c t read_encoded_value_with_base
00000000000190a8 0000000000000120 t get_cie_encoding
00000000000191c8 0000000000000068 t base_from_object.isra.7
0000000000019230 0000000000000090 t fde_single_encoding_compare
00000000000192c0 0000000000000194 t classify_object_over_fdes
0000000000019458 0000000000000148 t add_fdes
00000000000195a0 0000000000000188 t linear_search_fdes
0000000000019728 00000000000000bc t fde_mixed_encoding_compare
00000000000197e8 0000000000000698 t search_object
0000000000019e80 00000000000000e4 t __deregister_frame_info_bases.part.10
0000000000019f68 0000000000000034 t __register_frame_info
0000000000019fa0 0000000000000018 t __deregister_frame_info
0000000000019fb8 0000000000000170 t _Unwind_Find_FDE
000000000001a128 0000000000000018 T abort
000000000001a140 00000000000000b8 T bsearch
000000000001a1f8 0000000000000014 T __errno
000000000001a210 0000000000000044 T __libc_fini_array
000000000001a258 000000000000008c T __libc_init_array
000000000001a2e8 000000000000002c T __locale_mb_cur_max
000000000001a318 0000000000000008 T __locale_ctype_ptr_l
000000000001a320 000000000000002c T __locale_ctype_ptr
000000000001a350 00000000000000a4 T __swhatbuf_r
000000000001a3f8 000000000000010c T __smakebuf_r
000000000001a508 0000000000000030 T memalign
000000000001a538 0000000000000198 T _memalign_r
000000000001a6d0 000000000000001c T malloc
000000000001a6f0 000000000000001c T free
000000000001a710 0000000000000844 T _malloc_r
000000000001af58 00000000000002c8 T __utf8_mbtowc
000000000001b220 00000000000000d8 T memchr
000000000001b300 000000000000016c T memcpy
000000000001b480 00000000000000ac T memmove
000000000001b540 00000000000001d8 T memset
000000000001b718 000000000000000c T __malloc_lock
000000000001b728 000000000000000c T __malloc_unlock
000000000001b738 000000000000008c T printf
000000000001b7c8 0000000000000020 T putchar
000000000001b7e8 00000000000000e0 T _putc_r
000000000001b8c8 000000000000003c T setenv
000000000001b908 0000000000000264 T _setenv_r
000000000001bb70 000000000000025c T setvbuf
000000000001bdd0 00000000000000b4 T _raise_r
000000000001be88 000000000000001c T raise
000000000001bea8 00000000000000bc T sscanf
000000000001bf68 0000000000000050 T __sread
000000000001bfb8 0000000000000008 T __seofread
000000000001bfc0 000000000000006c T __swrite
000000000001c030 0000000000000050 T __sseek
000000000001c080 0000000000000008 T __sclose
000000000001c088 00000000000000dc T strchr
000000000001c180 00000000000000a4 T strcmp
000000000001c240 00000000000001b8 T strcpy
000000000001c400 0000000000000140 T strlen
000000000001c540 0000000000000084 T strncat
000000000001c61c 0000000000000108 T strncmp
000000000001c728 00000000000000a8 T strncpy
000000000001c824 00000000000000e0 T strnlen
000000000001c8e0 00000000000001d0 t _strtol_l.isra.0
000000000001cab0 0000000000000048 T _strtol_r
000000000001caf8 00000000000001e0 t _strtoul_l.isra.0
000000000001ccd8 0000000000000048 T _strtoul_r
000000000001cd20 000000000000005c T strtoul
000000000001cd7c 000000000000005c t get_arg
000000000001cdd8 0000000000002f48 T __ssvfscanf_r
000000000001fd20 0000000000000040 T time
000000000001fd60 000000000000076c t get_arg
00000000000204cc 0000000000003bfc T _vfprintf_r
00000000000240c8 00000000000000ec t __sbprintf
00000000000241b8 0000000000000118 T __swbuf_r
00000000000242d0 00000000000000d0 T _wcrtomb_r
00000000000243a0 0000000000000010 T _wcsrtombs_r
00000000000243b0 00000000000000e4 T __utf8_wctomb
0000000000024498 0000000000000140 T __swsetup_r
00000000000245d8 000000000000017c T __call_exitprocs
0000000000024758 00000000000001a8 t quorem
0000000000024900 00000000000010dc T _dtoa_r
00000000000259e0 000000000000000c T __env_lock
00000000000259f0 000000000000000c T __env_unlock
0000000000025a00 0000000000000214 T __sflush_r
0000000000025c18 00000000000000b8 T _fflush_r
0000000000025cd0 0000000000000078 t std
0000000000025d48 000000000000000c T _cleanup_r
0000000000025d58 000000000000000c T __sfp_lock_acquire
0000000000025d68 000000000000000c T __sfp_lock_release
0000000000025d78 000000000000000c T __sinit_lock_acquire
0000000000025d88 000000000000000c T __sinit_lock_release
0000000000025d98 0000000000000080 T __sinit
0000000000025e18 0000000000000118 T _malloc_trim_r
0000000000025f30 00000000000002f4 T _free_r
0000000000026228 00000000000000bc T _fwalk_reent
00000000000262e8 0000000000000100 T _findenv_r
00000000000263e8 0000000000000084 T iswspace
0000000000026470 0000000000000244 t __jp2uc
00000000000266b8 00000000000000d0 T _jp2uc
0000000000026788 0000000000000008 T __localeconv_l
0000000000026790 0000000000000028 T _localeconv_r
00000000000267b8 00000000000000d8 T _mbrtowc_r
0000000000026890 0000000000000090 T _Balloc
0000000000026920 000000000000001c T _Bfree
0000000000026940 00000000000000e8 T __multadd
0000000000026a28 0000000000000120 T __s2b
0000000000026b48 000000000000005c T __hi0bits
0000000000026ba8 00000000000000a0 T __lo0bits
0000000000026c48 000000000000002c T __i2b
0000000000026c78 00000000000001c8 T __multiply
0000000000026e40 0000000000000104 T __pow5mult
0000000000026f48 0000000000000134 T __lshift
0000000000027080 0000000000000050 T __mcmp
00000000000270d0 000000000000014c T __mdiff
0000000000027220 0000000000000068 T __ulp
0000000000027288 0000000000000150 T __b2d
00000000000273d8 0000000000000138 T __d2b
0000000000027510 00000000000000a0 T __ratio
00000000000275b0 0000000000000068 T __copybits
0000000000027618 0000000000000084 T __any_on
00000000000276a0 0000000000000030 T realloc
00000000000276d0 000000000000056c T _realloc_r
0000000000027c40 00000000000000bc T __sccl
0000000000027d00 000000000000000c T nanf
0000000000027d10 000000000000007c T frexp
0000000000027d90 00000000000000a8 T sprintf
0000000000027e38 00000000000000c8 T stpncpy
0000000000027f00 0000000000000054 t sulp
0000000000027f58 00000000000010f0 T _strtod_l
0000000000029048 0000000000000040 T _strtod_r
0000000000029088 00000000000001d0 t _strtoll_l.isra.0
0000000000029258 0000000000000048 T _strtoll_r
00000000000292a0 00000000000001e0 t _strtoull_l.isra.0
0000000000029480 0000000000000048 T _strtoull_r
00000000000294c8 00000000000001c0 T __ssprint_r
0000000000029688 00000000000000f4 T _sungetc_r
000000000002977c 0000000000000070 T __ssrefill_r
00000000000297ec 00000000000000e0 T _sfread_r
00000000000298cc 000000000000076c t get_arg
000000000002a038 0000000000003b44 T _svfprintf_r
000000000002db80 00000000000000c8 T __submore
000000000002dc48 000000000000003c T __sprint_r
000000000002dc88 00000000000001dc T _wcsnrtombs_l
000000000002de68 0000000000000054 T _wcsnrtombs_r
000000000002dec0 0000000000000094 T _calloc_r
000000000002df58 000000000000015c T _fclose_r
000000000002e0b8 00000000000004b8 T __sfvwrite_r
000000000002e570 0000000000000114 t rshift
000000000002e688 00000000000007e8 T __gethex
000000000002ee70 0000000000000048 T __match
000000000002eeb8 000000000000022c T __hexnan
000000000002f0e8 0000000000000008 t null_write
000000000002f0f0 0000000000000018 T setDefaultDevice
000000000002f108 00000000000000f8 T FindDevice
000000000002f200 0000000000000034 T RemoveDevice
000000000002f238 00000000000000d8 T AddDevice
000000000002f310 00000000000000a8 T _close_r
000000000002f3b8 0000000000000080 T _fstat_r
000000000002f438 0000000000000010 T _getpid_r
000000000002f448 0000000000000028 T _gettimeofday_r
000000000002f470 0000000000000008 T _isatty_r
000000000002f478 0000000000000010 T _kill_r
000000000002f488 0000000000000094 T _lseek_r
000000000002f520 00000000000000a4 T _read_r
000000000002f5c8 0000000000000078 T _sbrk_r
000000000002f640 00000000000000a4 T _write_r
000000000002f6e8 0000000000000024 T _exit
000000000002f710 0000000000000234 T _concatenate_path
000000000002f948 0000000000000178 T chdir
000000000002fac0 0000000000000018 T __libc_lock_acquire
000000000002fad8 0000000000000018 T __libc_lock_release
000000000002faf0 0000000000000018 T __libc_lock_init_recursive
000000000002fb08 0000000000000018 T __libc_lock_acquire_recursive
000000000002fb20 0000000000000018 T __libc_lock_release_recursive
000000000002fb38 0000000000000018 T __libc_lock_close_recursive
000000000002fb50 000000000000003c T __free_handle
000000000002fb90 0000000000000058 T __release_handle
000000000002fbe8 0000000000000020 T __get_handle
000000000002fc08 0000000000000024 T __getreent
000000000002fc30 0000000000000150 t __extenddftf2
000000000002fd80 0000000000000350 t __trunctfdf2
00000000000300d0 0000000000000070 t __sfp_handle_exceptions
0000000000030140 0000000000000100 T strrchr
0000000000030240 T _fini
0000000000031ca0 0000000000000014 r CSWTCH.56
0000000000031e18 0000000000000060 r colorTable
0000000000031e78 R default_font_bin
0000000000033e78 R default_font_bin_end
0000000000033e78 R default_font_bin_size
0000000000033ec0 0000000000000023 r g_bq_InterfaceDescriptor
0000000000033ef8 0000000000000018 r error_table
0000000000033f40 000000000000000d V typeinfo name for std::bad_alloc
0000000000033f60 000000000000000d V typeinfo name for std::exception
0000000000033f70 0000000000000012 V typeinfo name for std::bad_exception
0000000000033f88 0000000000000020 V typeinfo name for __cxxabiv1::__forced_unwind
0000000000033fa8 0000000000000024 V typeinfo name for __cxxabiv1::__foreign_exception
0000000000033fe8 0000000000000025 V typeinfo name for __cxxabiv1::__si_class_type_info
0000000000034010 000000000000000d V typeinfo name for std::type_info
0000000000034020 0000000000000022 V typeinfo name for __cxxabiv1::__class_type_info
00000000000342b0 0000000000000008 r terminator.9057
00000000000343d8 0000000000000022 r basefix.6415
0000000000034588 0000000000000010 r blanks.6393
0000000000034598 0000000000000010 r zeroes.6394
00000000000345a8 0000000000000101 R _ctype_
0000000000034700 00000000000000bc r a1
00000000000347c0 00000000000000bc r a2
0000000000034880 000000000000005b r a3
00000000000348e0 0000000000000070 r a6
0000000000034950 00000000000000a2 r a7
00000000000349f8 0000000000000040 r a8
0000000000034a38 000000000000172a r b02cf
0000000000036168 0000000000001a7c r d02f4
0000000000037be8 0000000000000028 R __mprec_bigtens
0000000000037c10 00000000000000c8 R __mprec_tens
0000000000037cd8 000000000000000c r p05.5161
0000000000037d18 0000000000000014 r fpi.5241
0000000000037d30 0000000000000014 r fpinan.5277
0000000000037d48 0000000000000028 r tinytens
0000000000037d70 000000000000006c R __action_table
0000000000037de0 0000000000000100 R __chclass
0000000000037ee0 000000000000006c R __state_table
0000000000038098 0000000000000010 r blanks.6378
00000000000380a8 0000000000000010 r zeroes.6379
00000000000380b8 0000000000000100 R __hexdig
00000000000381c0 0000000000000003 R DIRECTORY_PARENT
00000000000381c8 r __EH_FRAME_BEGIN__
00000000000381c8 R __eh_frame_hdr_end
00000000000381c8 R __eh_frame_hdr_start
000000000003f3d4 r __FRAME_END__
000000000003f438 a _DYNAMIC
0000000000043000 t __frame_dummy_init_array_entry
0000000000043000 T __init_array_start
0000000000043000 B __preinit_array_end
0000000000043000 B __preinit_array_start
0000000000043000 D __tdata_lma
0000000000043000 D __tdata_lma_end
0000000000043010 t __do_global_dtors_aux_fini_array_entry
0000000000043010 T __fini_array_start
0000000000043010 T __init_array_end
0000000000043018 T __fini_array_end
0000000000043018 T __got_start__
0000000000043018 a _GLOBAL_OFFSET_TABLE_
0000000000043338 D __got_end__
0000000000043338 0000000000000001 V __nx_applet_auto_notifyrunning
000000000004333c 0000000000000004 V __nx_applet_type
0000000000043340 0000000000000004 d g_gfxMode
0000000000043348 0000000000000054 d g_gfxQueueBufferData
00000000000433a0 000000000000016c d g_gfx_BufferInitData
000000000004350c 0000000000000004 D g_nvgfx_totalframebufs
0000000000043510 0000000000000001 d firstConsoleInit.6001
0000000000043518 0000000000000058 d defaultConsole
0000000000043570 0000000000000008 d currentConsole
0000000000043578 00000000000000e0 d dotab_stdout
0000000000043658 0000000000000038 d s_consoleSwRenderer
0000000000043690 0000000000000004 V __nx_nv_transfermem_size
0000000000043694 0000000000000004 V __nx_vi_stray_layer_flags
0000000000043698 0000000000000004 d g_viServiceType
000000000004369c 0000000000000004 d g_ctrl_fd
00000000000436a0 0000000000000008 V __nx_exception_stack_size
00000000000436a8 0000000000000401 d __cwd
0000000000043aac 0000000000000004 d fsdev_fsdevice_cwd
0000000000043ab0 0000000000000004 d fsdev_fsdevice_default
0000000000043ab8 00000000000000e0 d fsdev_devoptab
0000000000043b98 0000000000000018 V typeinfo for std::bad_alloc
0000000000043bb0 0000000000000028 V vtable for std::bad_alloc
0000000000043bd8 0000000000000010 V typeinfo for std::exception
0000000000043be8 0000000000000018 V typeinfo for std::bad_exception
0000000000043c00 0000000000000010 V typeinfo for __cxxabiv1::__forced_unwind
0000000000043c10 0000000000000010 V typeinfo for __cxxabiv1::__foreign_exception
0000000000043c20 0000000000000028 V vtable for std::bad_exception
0000000000043c48 0000000000000018 V typeinfo for __cxxabiv1::__si_class_type_info
0000000000043c60 0000000000000058 V vtable for __cxxabiv1::__si_class_type_info
0000000000043cb8 0000000000000008 V DW.ref.__gxx_personality_v0
0000000000043cc0 0000000000000010 V typeinfo for std::type_info
0000000000043cd0 0000000000000008 D __cxxabiv1::__terminate_handler
0000000000043cd8 0000000000000018 V typeinfo for __cxxabiv1::__class_type_info
0000000000043cf0 0000000000000058 V vtable for __cxxabiv1::__class_type_info
0000000000043d48 0000000000000008 D __cxxabiv1::__unexpected_handler
0000000000043d50 0000000000000008 D _impure_ptr
0000000000043d58 0000000000000768 d impure_data
00000000000444c0 0000000000000008 D _global_impure_ptr
00000000000444c8 00000000000001a8 D __global_locale
0000000000044670 0000000000000008 D __malloc_sbrk_base
0000000000044678 0000000000000008 D __malloc_trim_threshold
0000000000044680 0000000000000810 D __malloc_av_
0000000000044e90 0000000000000008 D environ
0000000000044e98 0000000000000004 d defaultDevice
0000000000044ea0 0000000000000080 D devoptab_list
0000000000044f20 00000000000000e0 D dotab_stdnull
0000000000045000 0000000000000400 d _current_working_directory
0000000000045400 0000000000000010 d __stderr_handle
0000000000045410 0000000000000010 d __stdin_handle
0000000000045420 0000000000000010 d __stdout_handle
0000000000045430 0000000000002000 d handles
0000000000047430 D __bss_start__
0000000000047430 D __TMC_END__
0000000000047430 b completed.7821
0000000000047438 b object.7826
0000000000047468 0000000000000008 V __nx_applet_PerformanceConfiguration
0000000000047470 0000000000000004 V __nx_applet_exit_mode
0000000000047474 0000000000000001 b g_appletExitProcessFlag
0000000000047478 0000000000000018 b g_appletFirstHook
0000000000047490 0000000000000001 b g_appletFocusState
0000000000047498 000000000000000c b g_appletIApplicationCreator
00000000000474a8 000000000000000c b g_appletIAudioController
00000000000474b8 000000000000000c b g_appletICommonStateGetter
00000000000474c8 000000000000000c b g_appletIDebugFunctions
00000000000474d8 000000000000000c b g_appletIDisplayController
00000000000474e8 000000000000000c b g_appletIFunctions
00000000000474f8 000000000000000c b g_appletIGlobalStateController
0000000000047508 000000000000000c b g_appletILibraryAppletCreator
0000000000047518 000000000000000c b g_appletILibraryAppletSelfAccessor
0000000000047528 000000000000000c b g_appletIProcessWindingController
0000000000047538 000000000000000c b g_appletISelfController
0000000000047548 000000000000000c b g_appletIWindowController
0000000000047558 000000000000000c b g_appletMessageEvent
0000000000047564 0000000000000001 b g_appletNotifiedRunning
0000000000047565 0000000000000001 b g_appletOperationMode
0000000000047568 0000000000000004 b g_appletPerformanceMode
0000000000047570 000000000000000c b g_appletProxySession
000000000004757c 0000000000000004 b g_appletRecordingInitialized
0000000000047580 0000000000000028 b g_appletRecordingTmem
00000000000475a8 0000000000000008 b g_appletResourceUserId
00000000000475b0 000000000000000c b g_appletSrv
00000000000475c0 0000000000000008 b g_refCnt
00000000000475c8 0000000000000050 b g_controllerDown
0000000000047618 00000000000001e0 b g_controllerEntries
00000000000477f8 0000000000000190 b g_controllerHeaders
0000000000047988 0000000000000050 b g_controllerHeld
00000000000479d8 0000000000000028 b g_controllerLayout
0000000000047a00 0000000000000050 b g_controllerOld
0000000000047a50 0000000000000004 b g_controllerP1AutoID
0000000000047a58 0000000000000050 b g_controllerTimestamps
0000000000047aa8 0000000000000050 b g_controllerUp
0000000000047af8 000000000000000c b g_hidIAppletResource
0000000000047b08 0000000000000020 b g_hidLock
0000000000047b28 0000000000000020 b g_hidSharedmem
0000000000047b48 000000000000000c b g_hidSrv
0000000000047b58 0000000000000020 b g_keyboardDown
0000000000047b78 0000000000000038 b g_keyboardEntry
0000000000047bb0 0000000000000020 b g_keyboardHeld
0000000000047bd0 0000000000000008 b g_keyboardModDown
0000000000047bd8 0000000000000008 b g_keyboardModHeld
0000000000047be0 0000000000000008 b g_keyboardModOld
0000000000047be8 0000000000000008 b g_keyboardModUp
0000000000047bf0 0000000000000020 b g_keyboardOld
0000000000047c10 0000000000000008 b g_keyboardTimestamp
0000000000047c18 0000000000000020 b g_keyboardUp
0000000000047c38 0000000000000008 b g_mouseDown
0000000000047c40 0000000000000030 b g_mouseEntry
0000000000047c70 0000000000000008 b g_mouseHeld
0000000000047c78 0000000000000008 b g_mouseOld
0000000000047c80 0000000000000008 b g_mouseTimestamp
0000000000047c88 0000000000000008 b g_mouseUp
0000000000047c90 0000000000000008 b g_refCnt
0000000000047c98 000000000000000a b g_sixaxisEnabled
0000000000047ca8 0000000000004650 b g_sixaxisLayouts
000000000004c2f8 0000000000000298 b g_touchEntry
000000000004c590 0000000000000008 b g_touchTimestamp
000000000004c598 000000000000000c b g_apmISession
000000000004c5a8 000000000000000c b g_apmSrv
000000000004c5b8 0000000000000008 b g_refCnt
000000000004c5c0 0000000000000008 b g_refCnt
000000000004c5c8 0000000000000004 b g_smHandle
000000000004c5d0 0000000000000200 b g_smOverrides
000000000004c7d0 0000000000000008 b g_smOverridesNum
000000000004c7d8 000000000000000c b g_gfxBinderEvent
000000000004c7e8 0000000000000010 b g_gfxBinderSession
000000000004c7f8 0000000000000004 b g_gfxCurrentBuffer
000000000004c7fc 0000000000000004 b g_gfxCurrentProducerBuffer
000000000004c800 0000000000000050 b g_gfxDisplay
000000000004c850 000000000000000c b g_gfxDisplayVsyncEvent
000000000004c860 0000000000000008 b g_gfxFramebuf
000000000004c868 0000000000000004 b g_gfxFramebufHandle
000000000004c870 0000000000000008 b g_gfxFramebufLinear
000000000004c878 0000000000000008 b g_gfxFramebufSize
000000000004c880 0000000000000001 b g_gfxInitialized
000000000004c888 0000000000000010 b g_gfxLayer
000000000004c898 0000000000000010 b g_gfx_Connect_QueueBufferOutput
000000000004c8a8 0000000000000001 b g_gfx_ProducerConnected
000000000004c8ac 0000000000000004 b g_gfx_ProducerSlotsRequested
000000000004c8b0 0000000000000010 b g_gfx_QueueBuffer_QueueBufferOutput
000000000004c8c0 0000000000000018 b g_gfx_autoresolution_applethookcookie
000000000004c8d8 0000000000000004 b g_gfx_autoresolution_docked_height
000000000004c8dc 0000000000000004 b g_gfx_autoresolution_docked_width
000000000004c8e0 0000000000000001 b g_gfx_autoresolution_enabled
000000000004c8e4 0000000000000004 b g_gfx_autoresolution_handheld_height
000000000004c8e8 0000000000000004 b g_gfx_autoresolution_handheld_width
000000000004c8f0 0000000000000008 B g_gfx_framebuf_aligned_height
000000000004c8f8 0000000000000008 B g_gfx_framebuf_aligned_width
000000000004c900 0000000000000008 B g_gfx_framebuf_display_height
000000000004c908 0000000000000008 B g_gfx_framebuf_display_width
000000000004c910 0000000000000008 B g_gfx_framebuf_height
000000000004c918 0000000000000008 B g_gfx_framebuf_width
000000000004c920 0000000000000008 B g_gfx_singleframebuf_linear_size
000000000004c928 0000000000000008 B g_gfx_singleframebuf_size
000000000004c930 0000000000000001 b g_nvgfxInitialized
000000000004c934 0000000000000004 b g_nvgfx_fd_nvmap
000000000004c938 0000000000000018 b nvmap_fb_obj
000000000004c950 0000000000000001 b g_hasRandomSeed
000000000004c951 0000000000000001 b g_isNso
000000000004c954 0000000000000004 b g_lastLoadResult
000000000004c958 0000000000000008 b g_loaderRetAddr
000000000004c960 0000000000000004 b g_mainThreadHandle
000000000004c968 0000000000000008 b g_nextLoadArgv
000000000004c970 0000000000000008 b g_nextLoadPath
000000000004c978 0000000000000008 b g_overrideArgv
000000000004c980 0000000000000008 b g_overrideHeapAddr
000000000004c988 0000000000000008 b g_overrideHeapSize
000000000004c990 0000000000000004 b g_processHandle
000000000004c998 0000000000000010 b g_randomSeed
000000000004c9a8 0000000000000010 b g_syscallHints
000000000004c9b8 0000000000000058 b currentCopy
000000000004ca10 0000000000000001 b g_HasCached
000000000004ca11 0000000000000001 b g_IsAbove200
000000000004ca12 0000000000000001 b g_IsAbove300
000000000004ca13 0000000000000001 b g_IsAbove400
000000000004ca14 0000000000000001 b g_IsAbove500
000000000004ca15 0000000000000001 b g_IsAbove600
000000000004ca18 0000000000000004 b g_Mutex
000000000004ca20 0000000000000010 b g_AddressSpace
000000000004ca30 0000000000000008 b g_CurrentAddr
000000000004ca38 0000000000000030 b g_Region
000000000004ca68 0000000000000004 b g_VirtMemMutex
000000000004ca70 0000000000000008 b g_nvIpcBufferSize
000000000004ca78 000000000000000c b g_nvSrv
000000000004ca88 000000000000000c b g_nvSrvClone
000000000004ca98 0000000000000028 b g_nvTransfermem
000000000004cac0 0000000000000008 b g_refCnt
000000000004cac8 0000000000000008 V __nx_vi_layer_id
000000000004cad0 000000000000000c b g_viIApplicationDisplayService
000000000004cae0 000000000000000c b g_viIHOSBinderDriverIndirect
000000000004caf0 000000000000000c b g_viIHOSBinderDriverRelay
000000000004cb00 000000000000000c b g_viIManagerDisplayService
000000000004cb10 000000000000000c b g_viISystemDisplayService
000000000004cb20 0000000000000008 b g_NvEventUsedMask
000000000004cb28 0000000000000300 b g_NvEvents
000000000004ce28 0000000000000008 b g_refCnt
000000000004ce30 0000000000000004 V __nx_exception_ignoredebug
000000000004ce40 0000000000000400 V __nx_exception_stack
000000000004d240 0000000000000008 V __nx_heap_size
000000000004d248 0000000000000008 b __bootticks
000000000004d250 0000000000000008 b __boottime
000000000004d258 0000000000000004 V __nx_time_type
000000000004d260 0000000000000008 b g_argv_empty
000000000004d268 0000000000002300 b fsdev_fsdevices
000000000004f568 0000000000000001 b fsdev_initialised
000000000004f570 0000000000000008 b g_refCnt
000000000004f578 000000000000000c b g_timeLocalSystemClock
000000000004f588 000000000000000c b g_timeNetworkSystemClock
000000000004f598 000000000000000c b g_timeSrv
000000000004f5a8 000000000000000c b g_timeTimeZoneService
000000000004f5b8 000000000000000c b g_timeUserSystemClock
000000000004f5c8 000000000000000c b g_fsSrv
000000000004f5d8 0000000000000008 b g_refCnt
000000000004f5e0 0000000000000008 b (anonymous namespace)::__new_handler
000000000004f5e8 0000000000000020 b (anonymous namespace)::emergency_pool
000000000004f608 0000000000000010 b eh_globals
000000000004f618 0000000000000062 b dwarf_reg_size_table
000000000004f680 0000000000000008 b marker.8951
000000000004f688 0000000000000008 b seen_objects
000000000004f690 0000000000000008 b unseen_objects
000000000004f698 0000000000000028 B __malloc_current_mallinfo
000000000004f6c0 0000000000000008 B __malloc_max_sbrked_mem
000000000004f6c8 0000000000000008 B __malloc_max_total_mem
000000000004f6d0 0000000000000008 B __malloc_top_pad
000000000004f6d8 000000000000000c b __malloc_recursive_mutex
000000000004f6e4 0000000000000004 b alloced.4037
000000000004f6e8 000000000000000c B __atexit_recursive_mutex
000000000004f6f8 0000000000000008 b initial_env
000000000004f700 000000000000000c b __env_recursive_mutex
000000000004f710 000000000000000c b __sfp_recursive_mutex
000000000004f720 000000000000000c b __sinit_recursive_mutex
000000000004f730 0000000000000008 b heap_start.5228
000000000004f738 0000000000000008 B fake_heap_end
000000000004f740 0000000000000008 B fake_heap_start
000000000004f748 0000000000000400 b temp_cwd
000000000004fb48 0000000000000090 B __syscalls
000000000004fbd8 0000000000000004 b __hndl_lock
000000000004fbe0 0000000000000340 B __nx_exceptiondump
000000000004ff20 0000000000000008 B __stack_top
000000000004ff28 0000000000000008 B __system_argv
000000000004ff30 0000000000000004 B __system_argc
000000000004ff38 0000000000000004 B __nxlink_host
000000000004ff40 B __tls_start
0000000000054348 B __bss_end__
0000000000054348 A __end__
0000000000054348 B __tls_end
0000000000055000 A __argdata__
